<?xml version="1.0" encoding="UTF-8"?>
<!-- Generated by org.testng.reporters.JUnitReportReporter -->
<testsuite hostname="Peters-MacBook-Air.local" failures="0" tests="1" name="Academy.Validationtitle" time="0.232" errors="0" timestamp="01 Aug 2019 18:11:38 GMT" skipped="0">
  <testcase classname="Academy.Validationtitle" name="basePageNavigation" time="0.232"/>
</testsuite> <!-- Academy.Validationtitle -->
