<?xml version="1.0" encoding="UTF-8"?>
<!-- Generated by org.testng.reporters.JUnitReportReporter -->
<testsuite hostname="Peters-MacBook-Air.local" failures="0" tests="1" name="Academy.AppTest" time="0.003" errors="0" timestamp="31 Jul 2019 17:22:55 GMT" skipped="0">
  <testcase classname="Academy.AppTest" name="testApp" time="0.003"/>
</testsuite> <!-- Academy.AppTest -->
