<?xml version="1.0" encoding="UTF-8"?>
<!-- Generated by org.testng.reporters.JUnitReportReporter -->
<testsuite hostname="Peters-MacBook-Air.local" failures="0" tests="1" name="Academy.Validationtext" time="8.192" errors="0" timestamp="31 Jul 2019 16:30:03 GMT" skipped="0">
  <testcase classname="Academy.Validationtext" name="basePageNavigation" time="8.192"/>
</testsuite> <!-- Academy.Validationtext -->
