<?xml version="1.0" encoding="UTF-8"?>
<!-- Generated by org.testng.reporters.JUnitReportReporter -->
<testsuite hostname="Peters-MacBook-Air.local" failures="0" tests="1" name="Academy.Validatetext" time="0.168" errors="0" timestamp="2 Aug 2019 15:16:28 GMT">
  <testcase classname="Academy.Validatetext" name="basePageNavigation" time="0.168"/>
</testsuite> <!-- Academy.Validatetext -->
