<?xml version="1.0" encoding="UTF-8"?>
<!-- Generated by org.testng.reporters.JUnitReportReporter -->
<testsuite hostname="Peters-MacBook-Air.local" failures="0" tests="2" name="Academy.HomePage" time="30.106" errors="0" timestamp="2 Aug 2019 15:16:28 GMT">
  <testcase classname="Academy.HomePage" name="basePageNavigation" time="21.258"/>
  <testcase classname="Academy.HomePage" name="basePageNavigation" time="8.848"/>
</testsuite> <!-- Academy.HomePage -->
