<?xml version="1.0" encoding="UTF-8"?>
<!-- Generated by org.testng.reporters.JUnitReportReporter -->
<testsuite hostname="Peters-MacBook-Air.local" failures="0" tests="1" name="Academy.AppTest" time="0.000" errors="0" timestamp="31 Jul 2019 17:36:41 GMT">
  <testcase classname="Academy.AppTest" name="testApp" time="0.000"/>
</testsuite> <!-- Academy.AppTest -->
