<?xml version="1.0" encoding="UTF-8"?>
<!-- Generated by org.testng.reporters.JUnitReportReporter -->
<testsuite hostname="Peters-MacBook-Air.local" failures="0" tests="1" name="Academy.Validationtitle" time="0.209" errors="0" timestamp="2 Aug 2019 15:16:28 GMT">
  <testcase classname="Academy.Validationtitle" name="basePageNavigation" time="0.209"/>
</testsuite> <!-- Academy.Validationtitle -->
